        -:    0:Source:C:/Users/VadimAlg/Desktop/labs_ISRPO/lab5/main.cpp
        -:    0:Graph:C:\Users\VadimAlg\Desktop\labs_ISRPO\lab5\cmake-build-debug-coverage\CMakeFiles\lab5.dir\main.cpp.gcno
        -:    0:Data:C:\Users\VadimAlg\Desktop\labs_ISRPO\lab5\cmake-build-debug-coverage\CMakeFiles\lab5.dir\main.cpp.gcda
        -:    0:Runs:1
        -:    1:#include <iostream>
        -:    2:#include <vector>
        -:    3:#include <string>
        -:    4:
        -:    5:using namespace std;
        -:    6:
        -:    7:struct Calculator {
        -:    8:    string a, b;
        -:    9:    string oper;
        -:   10:
function _ZNK10Calculator7calcResEv called 1 returned 100% blocks executed 45%
        1:   11:    int calcRes() const {
        1:   12:        if (oper == "+") {
        1:   12-block  0
call    0 returned 1
branch  1 taken 0 (fallthrough)
branch  2 taken 1
    #####:   13:            return stoi(a) + stoi(b);
    %%%%%:   13-block  0
call    0 never executed
call    1 never executed
        -:   14:        }
        1:   15:        if (oper == "-") {
        1:   15-block  0
call    0 returned 1
branch  1 taken 0 (fallthrough)
branch  2 taken 1
    #####:   16:            return stoi(a) - stoi(b);
    %%%%%:   16-block  0
call    0 never executed
call    1 never executed
        -:   17:        }
        1:   18:        if (oper == "*") {
        1:   18-block  0
call    0 returned 1
branch  1 taken 0 (fallthrough)
branch  2 taken 1
    #####:   19:            return stoi(a) * stoi(b);
    %%%%%:   19-block  0
call    0 never executed
call    1 never executed
        -:   20:        }
        1:   21:        if (oper == "/") {
        1:   21-block  0
call    0 returned 1
branch  1 taken 0 (fallthrough)
branch  2 taken 1
    #####:   22:            return stoi(a) / stoi(b);
    %%%%%:   22-block  0
call    0 never executed
call    1 never executed
        -:   23:        }
        1:   24:        return -1;
        1:   24-block  0
        -:   25:    }
        -:   26:
        -:   27:};
        -:   28:
        -:   29:typedef vector<string> CommandLineStringArgs;
        -:   30:
function main called 1 returned 100% blocks executed 76%
        1:   31:int main(int argc, char *argv[]) {
        -:   32:
        1:   33:    Calculator calc;
        1:   33-block  0
call    0 returned 1
        1:   34:    calc.a = "0";
call    0 returned 1
branch  1 taken 1 (fallthrough)
branch  2 taken 0 (throw)
        1:   35:    calc.b = "0";
        1:   35-block  0
call    0 returned 1
branch  1 taken 1 (fallthrough)
branch  2 taken 0 (throw)
        1:   36:    calc.oper = "+";
        1:   36-block  0
call    0 returned 1
branch  1 taken 1 (fallthrough)
branch  2 taken 0 (throw)
        -:   37:
        1:   38:    cout << "Enter two numbers:";
        1:   38-block  0
call    0 returned 1
branch  1 taken 1 (fallthrough)
branch  2 taken 0 (throw)
        1:   39:    CommandLineStringArgs cmdlineStringArgs(&argv[0], &argv[0 + argc]);
        1:   39-block  0
call    0 returned 1
call    1 returned 1
branch  2 taken 1 (fallthrough)
branch  3 taken 0 (throw)
    $$$$$:   39-block  1
        1:   40:    calc.a = cmdlineStringArgs[1];
call    0 returned 1
call    1 returned 1
branch  2 taken 1 (fallthrough)
branch  3 taken 0 (throw)
        1:   41:    calc.b = cmdlineStringArgs[2];
        1:   41-block  0
call    0 returned 1
call    1 returned 1
branch  2 taken 1 (fallthrough)
branch  3 taken 0 (throw)
        1:   42:    calc.oper = cmdlineStringArgs[3];
        1:   42-block  0
call    0 returned 1
call    1 returned 1
branch  2 taken 1 (fallthrough)
branch  3 taken 0 (throw)
        1:   43:    cout << "Enter operation('+' - addition ,'-' - subtraction, '*' - multiplication, '/' - division):";
        1:   43-block  0
call    0 returned 1
branch  1 taken 1 (fallthrough)
branch  2 taken 0 (throw)
        1:   44:    cout << calc.calcRes();
        1:   44-block  0
call    0 returned 1
branch  1 taken 1 (fallthrough)
branch  2 taken 0 (throw)
        1:   44-block  1
call    3 returned 1
branch  4 taken 1 (fallthrough)
branch  5 taken 0 (throw)
        -:   45:
        1:   46:    return 0;
        1:   47:}
        1:   47-block  0
call    0 returned 1
call    1 returned 1
    $$$$$:   47-block  1
call    2 never executed
    $$$$$:   47-block  2
call    3 never executed
        -:   48:
        -:   49:
        -:   50:
