Start testing: Nov 20 18:36 RTZ 2 (ceia)
----------------------------------------------------------
1/4 Testing: sum2and5return7
1/4 Test: sum2and5return7
Command: "C:/Users/VadimAlg/Desktop/labs_ISRPO/lab5/cmake-build-debug-coverage/lab5.exe" "1" "2" "5" "+"
Directory: C:/Users/VadimAlg/Desktop/labs_ISRPO/lab5/cmake-build-debug-coverage
"sum2and5return7" start time: Nov 20 18:36 RTZ 2 (ceia)
Output:
----------------------------------------------------------
7
<end of output>
Test time =   3.06 sec
----------------------------------------------------------
Test Fail Reason:
Required regular expression not found. Regex=[6
]
"sum2and5return7" end time: Nov 20 18:36 RTZ 2 (ceia)
"sum2and5return7" time elapsed: 00:00:03
----------------------------------------------------------

2/4 Testing: sub2and5returnMinus3
2/4 Test: sub2and5returnMinus3
Command: "C:/Users/VadimAlg/Desktop/labs_ISRPO/lab5/cmake-build-debug-coverage/lab5.exe" "1" "2" "5" "-"
Directory: C:/Users/VadimAlg/Desktop/labs_ISRPO/lab5/cmake-build-debug-coverage
"sub2and5returnMinus3" start time: Nov 20 18:36 RTZ 2 (ceia)
Output:
----------------------------------------------------------
-3
<end of output>
Test time =   3.02 sec
----------------------------------------------------------
Test Pass Reason:
Required regular expression found. Regex=[-3]
"sub2and5returnMinus3" end time: Nov 20 18:37 RTZ 2 (ceia)
"sub2and5returnMinus3" time elapsed: 00:00:03
----------------------------------------------------------

3/4 Testing: multip2and5return10
3/4 Test: multip2and5return10
Command: "C:/Users/VadimAlg/Desktop/labs_ISRPO/lab5/cmake-build-debug-coverage/lab5.exe" "1" "2" "5" "*"
Directory: C:/Users/VadimAlg/Desktop/labs_ISRPO/lab5/cmake-build-debug-coverage
"multip2and5return10" start time: Nov 20 18:37 RTZ 2 (ceia)
Output:
----------------------------------------------------------
10
<end of output>
Test time =   3.03 sec
----------------------------------------------------------
Test Pass Reason:
Required regular expression found. Regex=[10]
"multip2and5return10" end time: Nov 20 18:37 RTZ 2 (ceia)
"multip2and5return10" time elapsed: 00:00:03
----------------------------------------------------------

4/4 Testing: divis6and2return3
4/4 Test: divis6and2return3
Command: "C:/Users/VadimAlg/Desktop/labs_ISRPO/lab5/cmake-build-debug-coverage/lab5.exe" "1" "6" "2" "/"
Directory: C:/Users/VadimAlg/Desktop/labs_ISRPO/lab5/cmake-build-debug-coverage
"divis6and2return3" start time: Nov 20 18:37 RTZ 2 (ceia)
Output:
----------------------------------------------------------
3
<end of output>
Test time =   3.02 sec
----------------------------------------------------------
Test Pass Reason:
Required regular expression found. Regex=[3]
"divis6and2return3" end time: Nov 20 18:37 RTZ 2 (ceia)
"divis6and2return3" time elapsed: 00:00:03
----------------------------------------------------------

End testing: Nov 20 18:37 RTZ 2 (ceia)
